\BOOKMARK [1][-]{section.1}{\376\377\116\000\226\066\137\256\122\006\145\271\172\013\166\204\122\035\173\111\211\343\154\325}{}% 1
\BOOKMARK [2][-]{subsection.1.1}{\376\377\123\330\221\317\122\006\171\273\145\271\172\013\116\016\123\330\221\317\123\330\143\142}{section.1}% 2
\BOOKMARK [3][-]{subsubsection.1.1.1}{\376\377\123\357\122\006\171\273\123\330\221\317\166\204\137\256\122\006\145\271\172\013}{subsection.1.1}% 3
\BOOKMARK [3][-]{subsubsection.1.1.2}{\376\377\237\120\153\041\145\271\172\013}{subsection.1.1}% 4
\BOOKMARK [3][-]{subsubsection.1.1.3}{\376\377\123\357\123\026\116\072\237\120\153\041\145\271\172\013\166\204\174\173\127\213}{subsection.1.1}% 5
\BOOKMARK [2][-]{subsection.1.2}{\376\377\176\277\140\047\145\271\172\013\116\016\136\070\145\160\123\330\146\023\154\325}{section.1}% 6
\BOOKMARK [3][-]{subsubsection.1.2.1}{\376\377\116\000\226\066\176\277\140\047\237\120\153\041\137\256\122\006\145\271\172\013}{subsection.1.2}% 7
\BOOKMARK [3][-]{subsubsection.1.2.2}{\376\377\116\000\226\066\176\277\140\047\227\136\237\120\153\041\137\256\122\006\145\271\172\013}{subsection.1.2}% 8
\BOOKMARK [3][-]{subsubsection.1.2.3}{\376\377\117\057\122\252\122\051\145\271\172\013}{subsection.1.2}% 9
\BOOKMARK [2][-]{subsection.1.3}{\376\377\140\160\137\123\145\271\172\013\116\016\171\357\122\006\126\340\133\120}{section.1}% 10
\BOOKMARK [3][-]{subsubsection.1.3.1}{\376\377\140\160\137\123\145\271\172\013}{subsection.1.3}% 11
\BOOKMARK [3][-]{subsubsection.1.3.2}{\376\377\171\357\122\006\126\340\133\120}{subsection.1.3}% 12
\BOOKMARK [2][-]{subsection.1.4}{\376\377\116\000\226\066\226\220\137\017\145\271\172\013\116\016\123\302\145\160\210\150\171\072}{section.1}% 13
\BOOKMARK [1][-]{section.2}{\376\377\116\000\226\066\137\256\122\006\145\271\172\013\166\204\211\343\166\204\133\130\127\050\133\232\164\006}{}% 14
\BOOKMARK [2][-]{subsection.2.1}{\376\377\211\343\166\204\133\130\127\050\125\057\116\000\140\047\133\232\164\006}{section.2}% 15
\BOOKMARK [2][-]{subsection.2.2}{\376\377\217\321\117\074\213\241\173\227\124\214\213\357\135\356\117\060\213\241}{section.2}% 16
\BOOKMARK [2][-]{subsection.2.3}{\376\377\211\343\166\204\136\366\142\323\133\232\164\006}{section.2}% 17
\BOOKMARK [2][-]{subsection.2.4}{\376\377\211\343\133\371\122\035\120\074\166\204\217\336\176\355\140\047\124\214\123\357\137\256\140\047\133\232\164\006}{section.2}% 18
\BOOKMARK [3][-]{subsubsection.2.4.1}{\376\377\211\343\133\371\122\035\120\074\166\204\217\336\176\355\117\235\215\126\140\047\133\232\164\006}{subsection.2.4}% 19
\BOOKMARK [3][-]{subsubsection.2.4.2}{\376\377\211\343\133\371\122\035\120\074\124\214\123\302\145\160\166\204\217\336\176\355\117\235\215\126\140\047\133\232\164\006}{subsection.2.4}% 20
\BOOKMARK [1][-]{section.3}{\376\377\232\330\226\066\137\256\122\006\145\271\172\013}{}% 21
\BOOKMARK [2][-]{subsection.3.1}{\376\377\176\277\140\047\137\256\122\006\145\271\172\013\166\204\211\343\166\204\140\047\215\050\116\016\176\323\147\204}{section.3}% 22
\BOOKMARK [2][-]{subsection.3.2}{\376\377\116\000\202\054\237\120\153\041\176\277\140\047\137\256\122\006\145\271\172\013\166\204\211\343\154\325}{section.3}% 23
\BOOKMARK [2][-]{subsection.3.3}{\376\377\116\000\202\054\166\204\227\136\237\120\153\041\176\277\140\047\137\256\122\006\145\271\172\013\166\204\211\343\154\325}{section.3}% 24
\BOOKMARK [3][-]{subsubsection.3.3.1}{\376\377\136\070\145\160\123\330\146\023\154\325}{subsection.3.3}% 25
\BOOKMARK [2][-]{subsection.3.4}{\376\377\136\070\174\373\145\160\176\277\140\047\137\256\122\006\145\271\172\013\166\204\211\343\154\325}{section.3}% 26
\BOOKMARK [3][-]{subsubsection.3.4.1}{\376\377\136\070\174\373\145\160\237\120\153\041\176\277\140\047\137\256\122\006\145\271\172\013}{subsection.3.4}% 27
\BOOKMARK [3][-]{subsubsection.3.4.2}{\376\377\123\357\123\026\142\020\136\070\174\373\145\160\237\120\153\041\176\277\140\047\137\256\122\006\145\271\172\013\166\204\145\271\172\013\040\023\153\047\142\311\145\271\172\013}{subsection.3.4}% 28
\BOOKMARK [2][-]{subsection.3.5}{\376\377\136\070\174\373\145\160\227\136\237\120\153\041\176\277\140\047\137\256\122\006\145\271\172\013\166\204\211\343\154\325}{section.3}% 29
\BOOKMARK [3][-]{subsubsection.3.5.1}{\376\377\136\070\145\160\123\330\146\023\154\325}{subsection.3.5}% 30
\BOOKMARK [3][-]{subsubsection.3.5.2}{\376\377\153\324\217\203\174\373\145\160\154\325}{subsection.3.5}% 31
\BOOKMARK [3][-]{subsubsection.3.5.3}{\376\377\142\311\146\156\142\311\145\257\123\330\143\142}{subsection.3.5}% 32
\BOOKMARK [2][-]{subsection.3.6}{\376\377\116\000\116\233\123\357\226\115\226\066\166\204\145\271\172\013\174\173\127\213}{section.3}% 33
\BOOKMARK [1][-]{section.4}{\376\377\176\277\140\047\137\256\122\006\145\271\172\013\176\304}{}% 34
\BOOKMARK [2][-]{subsection.4.1}{\376\377\170\024\172\166\133\371\214\141}{section.4}% 35
\BOOKMARK [2][-]{subsection.4.2}{\376\377\116\000\116\233\133\232\116\111}{section.4}% 36
\BOOKMARK [2][-]{subsection.4.3}{\376\377\116\000\116\233\164\006\213\272}{section.4}% 37
\BOOKMARK [2][-]{subsection.4.4}{\376\377\154\102\211\343\145\271\154\325}{section.4}% 38
\BOOKMARK [3][-]{subsubsection.4.4.1}{\376\377\237\120\153\041\176\277\140\047\137\256\122\006\145\271\172\013\176\304}{subsection.4.4}% 39
\BOOKMARK [3][-]{subsubsection.4.4.2}{\376\377\227\136\237\120\153\041\176\277\140\047\137\256\122\006\145\271\172\013\176\304}{subsection.4.4}% 40
\BOOKMARK [3][-]{subsubsection.4.4.3}{\376\377\232\330\226\066\176\277\140\047\227\136\237\120\153\041\137\256\122\006\145\271\172\013}{subsection.4.4}% 41
\BOOKMARK [3][-]{subsubsection.4.4.4}{\376\377\136\070\174\373\145\160\237\120\153\041\176\277\140\047\137\256\122\006\145\271\172\013\176\304}{subsection.4.4}% 42
\BOOKMARK [3][-]{subsubsection.4.4.5}{\376\377\136\070\174\373\145\160\227\136\237\120\153\041\176\277\140\047\137\256\122\006\145\271\172\013\176\304}{subsection.4.4}% 43
\BOOKMARK [1][-]{section.5}{\376\377\124\016\213\260}{}% 44
